<?xml version="1.0" encoding="UTF-8"?>
<!-- Generated by org.testng.reporters.JUnitXMLReporter -->
<testsuite ignored="0" hostname="Varam-98765" failures="2" tests="5" name="Default test(failed)" time="40.028" errors="0" timestamp="2024-11-28T08:36:39 IST">
  <testcase classname="com.ui.tests.LoginTest" name="loginTest" time="2.355">
    <skipped/>
  </testcase> <!-- loginTest -->
  <testcase classname="com.ui.tests.LoginTest" name="loginTest" time="2.19">
    <skipped/>
  </testcase> <!-- loginTest -->
  <testcase classname="com.ui.tests.LoginTest" name="loginTest" time="2.221">
    <skipped/>
  </testcase> <!-- loginTest -->
  <testcase classname="com.ui.tests.LoginTest" name="loginTest" time="2.301">
    <failure type="java.lang.AssertionError" message="expected [Vineela Amaraneni1] but found [Vineela Amaraneni]">
      <![CDATA[java.lang.AssertionError: expected [Vineela Amaraneni1] but found [Vineela Amaraneni]
at com.ui.tests.LoginTest.loginTest(LoginTest.java:25)
at java.base/java.util.ArrayList.forEach(ArrayList.java:1597)
... Removed 31 stack frames]]>
    </failure>
  </testcase> <!-- loginTest -->
  <testcase classname="com.ui.tests.LoginTest" name="loginTest" time="2.449">
    <failure type="java.lang.AssertionError" message="expected [Vineela Amaraneni1] but found [Vineela Amaraneni]">
      <![CDATA[java.lang.AssertionError: expected [Vineela Amaraneni1] but found [Vineela Amaraneni]
at com.ui.tests.LoginTest.loginTest(LoginTest.java:25)
at java.base/java.util.ArrayList.forEach(ArrayList.java:1597)
... Removed 31 stack frames]]>
    </failure>
  </testcase> <!-- loginTest -->
</testsuite> <!-- Default test(failed) -->
